[1106/165918.456:ERROR:scoped_process_suspend.cc(31)] NtSuspendProcess: An attempt was made to access an exiting process. (0xc000010a)
[1106/165918.457:ERROR:process_info.cc(118)] ReadProcessMemory bool __cdecl crashpad::(anonymous namespace)::ReadStruct(HANDLE, crashpad::WinVMAddress, T *) [T = crashpad::process_types::PEB<crashpad::process_types::internal::Traits64>]: Only part of a ReadProcessMemory or WriteProcessMemory request was completed. (0x12B)
[1106/165918.457:ERROR:process_info.cc(551)] ReadProcessData failed
[1106/165958.080:ERROR:process_info.cc(359)] UncheckedAllocate
[1106/174913.056:ERROR:process_info.cc(359)] UncheckedAllocate
[1106/174913.103:ERROR:http_transport_win.cc(276)] WinHttpSendRequest: The operation completed successfully. (0x0)
[1106/235728.568:ERROR:process_info.cc(359)] UncheckedAllocate
[1106/235738.743:WARNING:minidump_to_upload_parameters.cc(67)] duplicate annotation name metrics_client_id, discarding value ea183977c7ff43e995e2fadc380a1f9d
[1107/095744.743:ERROR:scoped_process_suspend.cc(31)] NtSuspendProcess: An attempt was made to access an exiting process. (0xc000010a)
[1107/095744.748:ERROR:process_info.cc(118)] ReadProcessMemory bool __cdecl crashpad::(anonymous namespace)::ReadStruct(HANDLE, crashpad::WinVMAddress, T *) [T = crashpad::process_types::PEB<crashpad::process_types::internal::Traits64>]: Only part of a ReadProcessMemory or WriteProcessMemory request was completed. (0x12B)
[1107/095744.750:ERROR:process_info.cc(551)] ReadProcessData failed
[1107/101221.377:ERROR:process_info.cc(359)] UncheckedAllocate
[1107/101221.381:ERROR:process_info.cc(359)] UncheckedAllocate
[1107/101448.321:ERROR:process_info.cc(359)] UncheckedAllocate
[1108/163912.140:ERROR:process_info.cc(359)] UncheckedAllocate
[1108/163926.704:ERROR:process_info.cc(359)] UncheckedAllocate
[1113/144315.325:WARNING:minidump_to_upload_parameters.cc(67)] duplicate annotation name metrics_client_id, discarding value ea183977c7ff43e995e2fadc380a1f9d
[1113/144315.376:ERROR:process_memory_win.cc(73)] ReadMemory at 0xdd23f4000 of 49152 bytes failed: Only part of a ReadProcessMemory or WriteProcessMemory request was completed. (0x12B)
[1113/144315.377:ERROR:process_memory_win.cc(73)] ReadMemory at 0xdd2bfd000 of 12288 bytes failed: Only part of a ReadProcessMemory or WriteProcessMemory request was completed. (0x12B)
[1113/144315.377:ERROR:process_memory_win.cc(73)] ReadMemory at 0xdd3bfc000 of 16384 bytes failed: Only part of a ReadProcessMemory or WriteProcessMemory request was completed. (0x12B)
[1113/144315.377:ERROR:process_memory_win.cc(73)] ReadMemory at 0xdd43fc000 of 16384 bytes failed: Only part of a ReadProcessMemory or WriteProcessMemory request was completed. (0x12B)
[1113/144315.377:ERROR:process_memory_win.cc(73)] ReadMemory at 0xdd4bfe000 of 8192 bytes failed: Only part of a ReadProcessMemory or WriteProcessMemory request was completed. (0x12B)
[1113/144315.377:ERROR:process_memory_win.cc(73)] ReadMemory at 0xdd53fd000 of 12288 bytes failed: Only part of a ReadProcessMemory or WriteProcessMemory request was completed. (0x12B)
[1113/144315.378:ERROR:process_memory_win.cc(73)] ReadMemory at 0xdd5bfb000 of 20480 bytes failed: Only part of a ReadProcessMemory or WriteProcessMemory request was completed. (0x12B)
[1113/144315.378:ERROR:process_memory_win.cc(73)] ReadMemory at 0xdd63f5000 of 45056 bytes failed: Only part of a ReadProcessMemory or WriteProcessMemory request was completed. (0x12B)
[1113/144315.378:ERROR:process_memory_win.cc(73)] ReadMemory at 0xdd6bf5000 of 45056 bytes failed: Only part of a ReadProcessMemory or WriteProcessMemory request was completed. (0x12B)
[1113/144315.378:ERROR:process_memory_win.cc(73)] ReadMemory at 0xdd73fd000 of 12288 bytes failed: Only part of a ReadProcessMemory or WriteProcessMemory request was completed. (0x12B)
[1113/144315.379:ERROR:process_memory_win.cc(73)] ReadMemory at 0xdd7bfd000 of 12288 bytes failed: Only part of a ReadProcessMemory or WriteProcessMemory request was completed. (0x12B)
[1113/144315.379:ERROR:process_memory_win.cc(73)] ReadMemory at 0xdd33f8000 of 32768 bytes failed: Only part of a ReadProcessMemory or WriteProcessMemory request was completed. (0x12B)
[1113/144315.379:ERROR:process_memory_win.cc(73)] ReadMemory at 0xdd1ba9000 of 852 bytes failed: Only part of a ReadProcessMemory or WriteProcessMemory request was completed. (0x12B)
[1113/144315.379:ERROR:process_memory_win.cc(73)] ReadMemory at 0xdd1baa000 of 6024 bytes failed: Only part of a ReadProcessMemory or WriteProcessMemory request was completed. (0x12B)
[1113/144315.379:ERROR:process_memory_win.cc(73)] ReadMemory at 0xdd1bac000 of 6024 bytes failed: Only part of a ReadProcessMemory or WriteProcessMemory request was completed. (0x12B)
[1113/144315.379:ERROR:process_memory_win.cc(73)] ReadMemory at 0xdd1bb0000 of 6024 bytes failed: Only part of a ReadProcessMemory or WriteProcessMemory request was completed. (0x12B)
[1113/144315.379:ERROR:process_memory_win.cc(73)] ReadMemory at 0xdd1bb2000 of 6024 bytes failed: Only part of a ReadProcessMemory or WriteProcessMemory request was completed. (0x12B)
[1113/144315.380:ERROR:process_memory_win.cc(73)] ReadMemory at 0xdd1bb4000 of 6024 bytes failed: Only part of a ReadProcessMemory or WriteProcessMemory request was completed. (0x12B)
[1113/144315.380:ERROR:process_memory_win.cc(73)] ReadMemory at 0xdd1bb6000 of 6024 bytes failed: Only part of a ReadProcessMemory or WriteProcessMemory request was completed. (0x12B)
[1113/144315.380:ERROR:process_memory_win.cc(73)] ReadMemory at 0xdd1bb8000 of 6024 bytes failed: Only part of a ReadProcessMemory or WriteProcessMemory request was completed. (0x12B)
[1113/144315.380:ERROR:process_memory_win.cc(73)] ReadMemory at 0xdd1bba000 of 6024 bytes failed: Only part of a ReadProcessMemory or WriteProcessMemory request was completed. (0x12B)
[1113/144315.380:ERROR:process_memory_win.cc(73)] ReadMemory at 0xdd1bbc000 of 6024 bytes failed: Only part of a ReadProcessMemory or WriteProcessMemory request was completed. (0x12B)
[1113/144315.380:ERROR:process_memory_win.cc(73)] ReadMemory at 0xdd1bbe000 of 6024 bytes failed: Only part of a ReadProcessMemory or WriteProcessMemory request was completed. (0x12B)
[1113/144315.380:ERROR:process_memory_win.cc(73)] ReadMemory at 0xdd1bc2000 of 6024 bytes failed: Only part of a ReadProcessMemory or WriteProcessMemory request was completed. (0x12B)
[1113/144315.380:ERROR:process_memory_win.cc(73)] ReadMemory at 0xdd1bc8000 of 6024 bytes failed: Only part of a ReadProcessMemory or WriteProcessMemory request was completed. (0x12B)
[1113/144315.381:ERROR:process_memory_win.cc(73)] ReadMemory at 0xdd1bca000 of 6024 bytes failed: Only part of a ReadProcessMemory or WriteProcessMemory request was completed. (0x12B)
[1113/144315.381:ERROR:process_memory_win.cc(73)] ReadMemory at 0xdd1bd8000 of 6024 bytes failed: Only part of a ReadProcessMemory or WriteProcessMemory request was completed. (0x12B)
[1113/144315.381:ERROR:process_memory_win.cc(73)] ReadMemory at 0xdd1bda000 of 6024 bytes failed: Only part of a ReadProcessMemory or WriteProcessMemory request was completed. (0x12B)
[1113/144315.381:ERROR:process_memory_win.cc(73)] ReadMemory at 0xdd1bdc000 of 6024 bytes failed: Only part of a ReadProcessMemory or WriteProcessMemory request was completed. (0x12B)
[1113/144315.381:ERROR:process_memory_win.cc(73)] ReadMemory at 0x1781e3c0fe0 of 6204 bytes failed: Only part of a ReadProcessMemory or WriteProcessMemory request was completed. (0x12B)
[1113/144315.381:ERROR:process_memory_win.cc(73)] ReadMemory at 0x1781e3c2830 of 1012 bytes failed: Only part of a ReadProcessMemory or WriteProcessMemory request was completed. (0x12B)
[1113/144315.381:ERROR:process_memory_win.cc(73)] ReadMemory at 0x1781e3c2e58 of 118 bytes failed: Only part of a ReadProcessMemory or WriteProcessMemory request was completed. (0x12B)
[1113/144315.381:ERROR:process_memory_win.cc(73)] ReadMemory at 0x1781e3c2ed0 of 1078 bytes failed: Only part of a ReadProcessMemory or WriteProcessMemory request was completed. (0x12B)
[1113/144315.381:ERROR:process_memory_win.cc(73)] ReadMemory at 0x1781e3c3308 of 118 bytes failed: Only part of a ReadProcessMemory or WriteProcessMemory request was completed. (0x12B)
[1113/144315.382:ERROR:process_memory_win.cc(73)] ReadMemory at 0x1781e3c3380 of 96 bytes failed: Only part of a ReadProcessMemory or WriteProcessMemory request was completed. (0x12B)
[1113/144315.382:ERROR:process_memory_win.cc(73)] ReadMemory at 0x1781e3c33f0 of 58 bytes failed: Only part of a ReadProcessMemory or WriteProcessMemory request was completed. (0x12B)
[1113/144315.382:ERROR:process_memory_win.cc(73)] ReadMemory at 0x1781e3c34f0 of 132 bytes failed: Only part of a ReadProcessMemory or WriteProcessMemory request was completed. (0x12B)
[1113/144315.382:ERROR:process_memory_win.cc(73)] ReadMemory at 0x1781e3c3680 of 132 bytes failed: Only part of a ReadProcessMemory or WriteProcessMemory request was completed. (0x12B)
[1113/144315.382:ERROR:process_memory_win.cc(73)] ReadMemory at 0x1781e3c3840 of 124 bytes failed: Only part of a ReadProcessMemory or WriteProcessMemory request was completed. (0x12B)
[1113/144315.382:ERROR:process_memory_win.cc(73)] ReadMemory at 0x1781e3c3c20 of 132 bytes failed: Only part of a ReadProcessMemory or WriteProcessMemory request was completed. (0x12B)
[1113/144315.382:ERROR:process_memory_win.cc(73)] ReadMemory at 0x1781e3c3db0 of 64 bytes failed: Only part of a ReadProcessMemory or WriteProcessMemory request was completed. (0x12B)
[1113/144315.382:ERROR:process_memory_win.cc(73)] ReadMemory at 0x1781e3c3f70 of 132 bytes failed: Only part of a ReadProcessMemory or WriteProcessMemory request was completed. (0x12B)
[1113/144315.382:ERROR:process_memory_win.cc(73)] ReadMemory at 0x1781e3c4210 of 132 bytes failed: Only part of a ReadProcessMemory or WriteProcessMemory request was completed. (0x12B)
[1113/144315.382:ERROR:process_memory_win.cc(73)] ReadMemory at 0x1781e3c43a0 of 68 bytes failed: Only part of a ReadProcessMemory or WriteProcessMemory request was completed. (0x12B)
[1113/144315.382:ERROR:process_memory_win.cc(73)] ReadMemory at 0x1781e3c5400 of 132 bytes failed: Only part of a ReadProcessMemory or WriteProcessMemory request was completed. (0x12B)
[1113/144315.382:ERROR:process_memory_win.cc(73)] ReadMemory at 0x1781e3c5590 of 152 bytes failed: Only part of a ReadProcessMemory or WriteProcessMemory request was completed. (0x12B)
[1113/144315.382:ERROR:process_memory_win.cc(73)] ReadMemory at 0x1781e3c6380 of 62 bytes failed: Only part of a ReadProcessMemory or WriteProcessMemory request was completed. (0x12B)
[1113/144315.382:ERROR:process_memory_win.cc(73)] ReadMemory at 0x1781e3c6570 of 132 bytes failed: Only part of a ReadProcessMemory or WriteProcessMemory request was completed. (0x12B)
[1113/144315.382:ERROR:process_memory_win.cc(73)] ReadMemory at 0x1781e3c66a0 of 60 bytes failed: Only part of a ReadProcessMemory or WriteProcessMemory request was completed. (0x12B)
[1113/144315.382:ERROR:process_memory_win.cc(73)] ReadMemory at 0x1781e3cc9b0 of 156 bytes failed: Only part of a ReadProcessMemory or WriteProcessMemory request was completed. (0x12B)
[1113/144315.382:ERROR:process_memory_win.cc(73)] ReadMemory at 0x1781e3cca90 of 132 bytes failed: Only part of a ReadProcessMemory or WriteProcessMemory request was completed. (0x12B)
[1113/144315.383:ERROR:process_memory_win.cc(73)] ReadMemory at 0x1781e3cffb0 of 132 bytes failed: Only part of a ReadProcessMemory or WriteProcessMemory request was completed. (0x12B)
[1113/144315.383:ERROR:process_memory_win.cc(73)] ReadMemory at 0x1781e3d00e0 of 132 bytes failed: Only part of a ReadProcessMemory or WriteProcessMemory request was completed. (0x12B)
[1113/144315.383:ERROR:process_memory_win.cc(73)] ReadMemory at 0x1781e3d03b0 of 64 bytes failed: Only part of a ReadProcessMemory or WriteProcessMemory request was completed. (0x12B)
[1113/144315.383:ERROR:process_memory_win.cc(73)] ReadMemory at 0x1781e3d04f0 of 62 bytes failed: Only part of a ReadProcessMemory or WriteProcessMemory request was completed. (0x12B)
[1113/144315.383:ERROR:process_memory_win.cc(73)] ReadMemory at 0x1781e3d0540 of 60 bytes failed: Only part of a ReadProcessMemory or WriteProcessMemory request was completed. (0x12B)
[1113/144315.383:ERROR:process_memory_win.cc(73)] ReadMemory at 0x1781e3d0770 of 66 bytes failed: Only part of a ReadProcessMemory or WriteProcessMemory request was completed. (0x12B)
[1113/144315.383:ERROR:process_memory_win.cc(73)] ReadMemory at 0x1781e3d07c0 of 64 bytes failed: Only part of a ReadProcessMemory or WriteProcessMemory request was completed. (0x12B)
[1113/144315.383:ERROR:process_memory_win.cc(73)] ReadMemory at 0x1781e3d0810 of 62 bytes failed: Only part of a ReadProcessMemory or WriteProcessMemory request was completed. (0x12B)
[1113/144315.383:ERROR:process_memory_win.cc(73)] ReadMemory at 0x1781e3d0860 of 60 bytes failed: Only part of a ReadProcessMemory or WriteProcessMemory request was completed. (0x12B)
[1113/144315.383:ERROR:process_memory_win.cc(73)] ReadMemory at 0x1781e3d0900 of 64 bytes failed: Only part of a ReadProcessMemory or WriteProcessMemory request was completed. (0x12B)
[1113/144315.383:ERROR:process_memory_win.cc(73)] ReadMemory at 0x1781e3d09a0 of 64 bytes failed: Only part of a ReadProcessMemory or WriteProcessMemory request was completed. (0x12B)
[1113/144315.383:ERROR:process_memory_win.cc(73)] ReadMemory at 0x1781e3d0a30 of 132 bytes failed: Only part of a ReadProcessMemory or WriteProcessMemory request was completed. (0x12B)
[1113/144315.383:ERROR:process_memory_win.cc(73)] ReadMemory at 0x1781e3d1390 of 132 bytes failed: Only part of a ReadProcessMemory or WriteProcessMemory request was completed. (0x12B)
[1113/144315.383:ERROR:process_memory_win.cc(73)] ReadMemory at 0x1781e3d1930 of 80 bytes failed: Only part of a ReadProcessMemory or WriteProcessMemory request was completed. (0x12B)
[1113/144315.383:ERROR:process_memory_win.cc(73)] ReadMemory at 0x1781e3d27a0 of 76 bytes failed: Only part of a ReadProcessMemory or WriteProcessMemory request was completed. (0x12B)
[1113/144315.384:ERROR:process_memory_win.cc(73)] ReadMemory at 0x1781e3d2e70 of 62 bytes failed: Only part of a ReadProcessMemory or WriteProcessMemory request was completed. (0x12B)
[1113/144315.384:ERROR:process_memory_win.cc(73)] ReadMemory at 0x1781e3d2ec0 of 64 bytes failed: Only part of a ReadProcessMemory or WriteProcessMemory request was completed. (0x12B)
[1113/144315.384:ERROR:process_memory_win.cc(73)] ReadMemory at 0x1781e3d2f10 of 64 bytes failed: Only part of a ReadProcessMemory or WriteProcessMemory request was completed. (0x12B)
[1113/144315.384:ERROR:process_memory_win.cc(73)] ReadMemory at 0x1781e3d3050 of 64 bytes failed: Only part of a ReadProcessMemory or WriteProcessMemory request was completed. (0x12B)
[1113/144315.384:ERROR:process_memory_win.cc(73)] ReadMemory at 0x1781e3d3230 of 60 bytes failed: Only part of a ReadProcessMemory or WriteProcessMemory request was completed. (0x12B)
[1113/144315.384:ERROR:process_memory_win.cc(73)] ReadMemory at 0x1781e3d3370 of 62 bytes failed: Only part of a ReadProcessMemory or WriteProcessMemory request was completed. (0x12B)
[1113/144315.384:ERROR:process_memory_win.cc(73)] ReadMemory at 0x1781e3d34b0 of 62 bytes failed: Only part of a ReadProcessMemory or WriteProcessMemory request was completed. (0x12B)
[1113/144315.384:ERROR:process_memory_win.cc(73)] ReadMemory at 0x1781e3d3690 of 60 bytes failed: Only part of a ReadProcessMemory or WriteProcessMemory request was completed. (0x12B)
[1113/144315.384:ERROR:process_memory_win.cc(73)] ReadMemory at 0x1781e3d36e0 of 62 bytes failed: Only part of a ReadProcessMemory or WriteProcessMemory request was completed. (0x12B)
[1113/144315.384:ERROR:process_memory_win.cc(73)] ReadMemory at 0x1781e3d3780 of 58 bytes failed: Only part of a ReadProcessMemory or WriteProcessMemory request was completed. (0x12B)
[1113/144315.384:ERROR:process_memory_win.cc(73)] ReadMemory at 0x1781e3d3820 of 64 bytes failed: Only part of a ReadProcessMemory or WriteProcessMemory request was completed. (0x12B)
[1113/144315.384:ERROR:process_memory_win.cc(73)] ReadMemory at 0x1781e3d3870 of 60 bytes failed: Only part of a ReadProcessMemory or WriteProcessMemory request was completed. (0x12B)
[1113/144315.384:ERROR:process_memory_win.cc(73)] ReadMemory at 0x1781e3d3910 of 62 bytes failed: Only part of a ReadProcessMemory or WriteProcessMemory request was completed. (0x12B)
[1113/144315.385:ERROR:process_memory_win.cc(73)] ReadMemory at 0x1781e3d3960 of 62 bytes failed: Only part of a ReadProcessMemory or WriteProcessMemory request was completed. (0x12B)
[1113/144315.385:ERROR:process_memory_win.cc(73)] ReadMemory at 0x1781e3d39b0 of 66 bytes failed: Only part of a ReadProcessMemory or WriteProcessMemory request was completed. (0x12B)
[1113/144315.385:ERROR:process_memory_win.cc(73)] ReadMemory at 0x1781e3d3a50 of 62 bytes failed: Only part of a ReadProcessMemory or WriteProcessMemory request was completed. (0x12B)
[1113/144315.385:ERROR:process_memory_win.cc(73)] ReadMemory at 0x1781e3d3b90 of 60 bytes failed: Only part of a ReadProcessMemory or WriteProcessMemory request was completed. (0x12B)
[1113/144315.385:ERROR:process_memory_win.cc(73)] ReadMemory at 0x1781e3d3c80 of 62 bytes failed: Only part of a ReadProcessMemory or WriteProcessMemory request was completed. (0x12B)
[1113/144315.385:ERROR:process_memory_win.cc(73)] ReadMemory at 0x1781e3d52d0 of 54 bytes failed: Only part of a ReadProcessMemory or WriteProcessMemory request was completed. (0x12B)
[1113/144315.385:ERROR:process_memory_win.cc(73)] ReadMemory at 0x1781e3d63f0 of 132 bytes failed: Only part of a ReadProcessMemory or WriteProcessMemory request was completed. (0x12B)
[1113/144315.385:ERROR:process_memory_win.cc(73)] ReadMemory at 0x1781e3d6f80 of 132 bytes failed: Only part of a ReadProcessMemory or WriteProcessMemory request was completed. (0x12B)
[1113/144315.385:ERROR:process_memory_win.cc(73)] ReadMemory at 0x1781e3d86c0 of 512 bytes failed: Only part of a ReadProcessMemory or WriteProcessMemory request was completed. (0x12B)
[1113/144315.385:ERROR:process_memory_win.cc(73)] ReadMemory at 0x1781e3d8970 of 132 bytes failed: Only part of a ReadProcessMemory or WriteProcessMemory request was completed. (0x12B)
[1113/144315.385:ERROR:process_memory_win.cc(73)] ReadMemory at 0x1781e3d8b80 of 132 bytes failed: Only part of a ReadProcessMemory or WriteProcessMemory request was completed. (0x12B)
[1113/144315.385:ERROR:process_memory_win.cc(73)] ReadMemory at 0x1781e3da9c0 of 132 bytes failed: Only part of a ReadProcessMemory or WriteProcessMemory request was completed. (0x12B)
[1113/144315.385:ERROR:process_memory_win.cc(73)] ReadMemory at 0x1781e3daaf0 of 132 bytes failed: Only part of a ReadProcessMemory or WriteProcessMemory request was completed. (0x12B)
[1113/144315.385:ERROR:process_memory_win.cc(73)] ReadMemory at 0x1781e3dac20 of 132 bytes failed: Only part of a ReadProcessMemory or WriteProcessMemory request was completed. (0x12B)
[1113/144315.385:ERROR:process_memory_win.cc(73)] ReadMemory at 0x1781e3dad50 of 132 bytes failed: Only part of a ReadProcessMemory or WriteProcessMemory request was completed. (0x12B)
[1113/144315.386:ERROR:process_memory_win.cc(73)] ReadMemory at 0x1781e3dae80 of 132 bytes failed: Only part of a ReadProcessMemory or WriteProcessMemory request was completed. (0x12B)
[1113/144315.386:ERROR:process_memory_win.cc(73)] ReadMemory at 0x1781e3dafb0 of 132 bytes failed: Only part of a ReadProcessMemory or WriteProcessMemory request was completed. (0x12B)
[1113/144315.386:ERROR:process_memory_win.cc(73)] ReadMemory at 0x1781e3db0e0 of 132 bytes failed: Only part of a ReadProcessMemory or WriteProcessMemory request was completed. (0x12B)
[1113/144315.386:ERROR:process_memory_win.cc(73)] ReadMemory at 0x1781e3db210 of 132 bytes failed: Only part of a ReadProcessMemory or WriteProcessMemory request was completed. (0x12B)
[1113/144315.386:ERROR:process_memory_win.cc(73)] ReadMemory at 0x1781e3db340 of 132 bytes failed: Only part of a ReadProcessMemory or WriteProcessMemory request was completed. (0x12B)
[1113/144315.386:ERROR:process_memory_win.cc(73)] ReadMemory at 0x1781e3db470 of 132 bytes failed: Only part of a ReadProcessMemory or WriteProcessMemory request was completed. (0x12B)
[1113/144315.386:ERROR:process_memory_win.cc(73)] ReadMemory at 0x1781e3db5a0 of 132 bytes failed: Only part of a ReadProcessMemory or WriteProcessMemory request was completed. (0x12B)
[1113/144315.386:ERROR:process_memory_win.cc(73)] ReadMemory at 0x1781e3db6d0 of 132 bytes failed: Only part of a ReadProcessMemory or WriteProcessMemory request was completed. (0x12B)
[1113/144315.386:ERROR:process_memory_win.cc(73)] ReadMemory at 0x1781e3dc230 of 132 bytes failed: Only part of a ReadProcessMemory or WriteProcessMemory request was completed. (0x12B)
[1113/144315.386:ERROR:process_memory_win.cc(73)] ReadMemory at 0x1781e3dc360 of 132 bytes failed: Only part of a ReadProcessMemory or WriteProcessMemory request was completed. (0x12B)
[1113/144315.386:ERROR:process_memory_win.cc(73)] ReadMemory at 0x1781e3dc820 of 132 bytes failed: Only part of a ReadProcessMemory or WriteProcessMemory request was completed. (0x12B)
[1113/144315.386:ERROR:process_memory_win.cc(73)] ReadMemory at 0x1781e3dcbb0 of 132 bytes failed: Only part of a ReadProcessMemory or WriteProcessMemory request was completed. (0x12B)
[1113/144315.387:ERROR:process_memory_win.cc(73)] ReadMemory at 0x1781e3dcf40 of 132 bytes failed: Only part of a ReadProcessMemory or WriteProcessMemory request was completed. (0x12B)
[1113/144315.387:ERROR:process_memory_win.cc(73)] ReadMemory at 0x1781e3dd400 of 132 bytes failed: Only part of a ReadProcessMemory or WriteProcessMemory request was completed. (0x12B)
[1113/144315.387:ERROR:process_memory_win.cc(73)] ReadMemory at 0x1781e3dd530 of 132 bytes failed: Only part of a ReadProcessMemory or WriteProcessMemory request was completed. (0x12B)
[1113/144315.387:ERROR:process_memory_win.cc(73)] ReadMemory at 0x1781e3dd660 of 132 bytes failed: Only part of a ReadProcessMemory or WriteProcessMemory request was completed. (0x12B)
[1113/144315.387:ERROR:process_memory_win.cc(73)] ReadMemory at 0x1781e3ddb20 of 132 bytes failed: Only part of a ReadProcessMemory or WriteProcessMemory request was completed. (0x12B)
[1113/144315.387:ERROR:process_memory_win.cc(73)] ReadMemory at 0x1781e3ddc50 of 132 bytes failed: Only part of a ReadProcessMemory or WriteProcessMemory request was completed. (0x12B)
[1113/144315.387:ERROR:process_memory_win.cc(73)] ReadMemory at 0x1781e3fddf0 of 512 bytes failed: Only part of a ReadProcessMemory or WriteProcessMemory request was completed. (0x12B)
[1113/144315.387:ERROR:process_memory_win.cc(73)] ReadMemory at 0x1781e3fef50 of 512 bytes failed: Only part of a ReadProcessMemory or WriteProcessMemory request was completed. (0x12B)
[1113/144315.387:ERROR:process_memory_win.cc(73)] ReadMemory at 0x1781e778a30 of 512 bytes failed: Only part of a ReadProcessMemory or WriteProcessMemory request was completed. (0x12B)
[1113/144315.387:ERROR:process_memory_win.cc(73)] ReadMemory at 0x1781e796a70 of 712 bytes failed: Only part of a ReadProcessMemory or WriteProcessMemory request was completed. (0x12B)
[1113/144315.387:ERROR:process_memory_win.cc(73)] ReadMemory at 0x1781e84b7c0 of 512 bytes failed: Only part of a ReadProcessMemory or WriteProcessMemory request was completed. (0x12B)
[1113/144315.387:ERROR:process_memory_win.cc(73)] ReadMemory at 0x17820580000 of 384 bytes failed: Only part of a ReadProcessMemory or WriteProcessMemory request was completed. (0x12B)
[1113/144315.387:ERROR:process_memory_win.cc(73)] ReadMemory at 0x178205b1908 of 512 bytes failed: Only part of a ReadProcessMemory or WriteProcessMemory request was completed. (0x12B)
[1113/144315.387:ERROR:process_memory_win.cc(73)] ReadMemory at 0x178205b2058 of 512 bytes failed: Only part of a ReadProcessMemory or WriteProcessMemory request was completed. (0x12B)
[1113/144315.387:ERROR:process_memory_win.cc(73)] ReadMemory at 0x178205b28c8 of 512 bytes failed: Only part of a ReadProcessMemory or WriteProcessMemory request was completed. (0x12B)
[1113/144315.388:ERROR:process_memory_win.cc(73)] ReadMemory at 0x178206bb560 of 512 bytes failed: Only part of a ReadProcessMemory or WriteProcessMemory request was completed. (0x12B)
[1113/144315.388:ERROR:process_memory_win.cc(73)] ReadMemory at 0x1782126c240 of 512 bytes failed: Only part of a ReadProcessMemory or WriteProcessMemory request was completed. (0x12B)
[1113/144315.388:ERROR:process_memory_win.cc(73)] ReadMemory at 0x1782136df20 of 608 bytes failed: Only part of a ReadProcessMemory or WriteProcessMemory request was completed. (0x12B)
[1113/144315.388:ERROR:process_memory_win.cc(73)] ReadMemory at 0x178228813d0 of 512 bytes failed: Only part of a ReadProcessMemory or WriteProcessMemory request was completed. (0x12B)
[1113/144315.390:ERROR:scoped_process_suspend.cc(40)] NtResumeProcess: An attempt was made to access an exiting process. (0xc000010a)
[1113/164017.242:ERROR:process_info.cc(359)] UncheckedAllocate
[1113/174149.820:WARNING:minidump_to_upload_parameters.cc(67)] duplicate annotation name metrics_client_id, discarding value ea183977c7ff43e995e2fadc380a1f9d
[1113/182127.921:ERROR:process_info.cc(359)] UncheckedAllocate
[1113/195035.075:ERROR:process_info.cc(359)] UncheckedAllocate
[1114/113808.258:ERROR:process_info.cc(359)] UncheckedAllocate
[1114/115218.163:ERROR:process_info.cc(359)] UncheckedAllocate
